24-Apr-22 22:16:38 - Validation:False
 {'import': False, 'empty': True, 'duplicate': True, 'account_type': True, 'age_limit': True, 'date_format': False}
24-Apr-22 22:17:38 - Validation:True
 {'import': False, 'empty': False, 'duplicate': False, 'account_type': False, 'age_limit': False, 'date_format': False}
24-Apr-22 22:20:44 - Validation:True
 {'import': False, 'empty': False, 'duplicate': False, 'account_type': False, 'age_limit': False, 'date_format': False}
24-Apr-22 22:26:25 - Validation:False
 {'import': False, 'empty': True, 'duplicate': True, 'account_type': True, 'age_limit': True, 'date_format': False}
24-Apr-22 22:29:59 - Validation:False
 {'import': False, 'empty': True, 'duplicate': True, 'account_type': True, 'age_limit': False, 'date_format': False}
24-Apr-22 22:32:25 - Validation:False
 {'import': False, 'empty': True, 'duplicate': True, 'account_type': True, 'age_limit': False, 'date_format': True}
24-Apr-22 22:45:46 - Validation:False
 {'import': False, 'empty': True, 'duplicate': True, 'account_type': True, 'age_limit': False, 'date_format': True}
24-Apr-22 22:52:56 - Validation:False
 {'import': False, 'empty': True, 'duplicate': True, 'account_type': True, 'age_limit': False, 'date_format': True}
24-Apr-22 22:53:06 - Validation:True
 {'import': False, 'empty': False, 'duplicate': False, 'account_type': False, 'age_limit': False, 'date_format': False}
24-Apr-22 22:55:04 - check_empty_data: [Errno 2] No such file or directory: 'l'
24-Apr-22 22:55:04 - Validation:False
 {'import': True, 'empty': True, 'duplicate': True, 'account_type': True, 'age_limit': True, 'date_format': True}
